<?xml version="1.0" encoding="UTF-8"?>
<!-- Generated by org.testng.reporters.JUnitXMLReporter -->
<testsuite ignored="0" hostname="MostafaMohab" failures="0" tests="6" name="Default test" time="35.425" errors="0" timestamp="2020-12-19T12:40:15 EET">
  <testcase classname="Testcases.Mainclass" name="signUp" time="3.705"/>
  <testcase classname="Testcases.Mainclass" name="createAccount" time="7.602"/>
  <testcase classname="Testcases.Mainclass" name="signIn" time="1.932"/>
  <testcase classname="Testcases.Mainclass" name="addtoCart" time="6.245"/>
  <testcase classname="Testcases.Mainclass" name="cartCheckout" time="11.091"/>
  <testcase classname="Testcases.Mainclass" name="checkOrderDetails" time="4.82"/>
</testsuite> <!-- Default test -->
