<?xml version="1.0" encoding="UTF-8"?>
<!-- Generated by org.testng.reporters.JUnitXMLReporter -->
<testsuite hostname="DESKTOP-EHTEC5D" ignored="0" name="Default test" tests="6" failures="0" timestamp="2021-02-12T23:30:01 EET" time="39.361" errors="0">
  <testcase name="signUp" time="3.745" classname="Testcases.Mainclass"/>
  <testcase name="createAccount" time="12.804" classname="Testcases.Mainclass"/>
  <testcase name="signIn" time="1.962" classname="Testcases.Mainclass"/>
  <testcase name="addtoCart" time="5.02" classname="Testcases.Mainclass"/>
  <testcase name="cartCheckout" time="11.456" classname="Testcases.Mainclass"/>
  <testcase name="checkOrderDetails" time="4.348" classname="Testcases.Mainclass"/>
</testsuite> <!-- Default test -->
