<?xml version="1.0" encoding="UTF-8"?>
<!-- Generated by org.testng.reporters.JUnitXMLReporter -->
<testsuite hostname="DESKTOP-EHTEC5D" ignored="0" name="Test" tests="8" failures="0" timestamp="2021-02-14T19:11:13 EET" time="178.011" errors="0">
  <testcase name="signUp" time="12.933" classname="Testcases.Mainclass"/>
  <testcase name="createAccount" time="36.515" classname="Testcases.Mainclass"/>
  <testcase name="signIn" time="14.377" classname="Testcases.Mainclass"/>
  <testcase name="addtoCart" time="23.497" classname="Testcases.Mainclass"/>
  <testcase name="cartCheckout" time="64.806" classname="Testcases.Mainclass"/>
  <testcase name="checkOrderDetails" time="23.363" classname="Testcases.Mainclass"/>
  <testcase name="getTest1" time="1.889" classname="Testcases.restAssured"/>
  <testcase name="getTest2" time="0.607" classname="Testcases.restAssured"/>
</testsuite> <!-- Test -->
