<?xml version="1.0" encoding="UTF-8"?>
<testng-results skipped="0" failed="0" ignored="0" total="6" passed="6">
  <reporter-output>
  </reporter-output>
  <suite name="Default suite" duration-ms="39361" started-at="2021-02-12T23:29:21 EET" finished-at="2021-02-12T23:30:01 EET">
    <groups>
    </groups>
    <test name="Default test" duration-ms="39361" started-at="2021-02-12T23:29:21 EET" finished-at="2021-02-12T23:30:01 EET">
      <class name="Testcases.Mainclass">
        <test-method status="PASS" signature="setUp()[pri:0, instance:Testcases.Mainclass@64485a47]" name="setUp" is-config="true" duration-ms="18366" started-at="2021-02-12T23:29:03 EET" finished-at="2021-02-12T23:29:21 EET">
          <reporter-output>
          </reporter-output>
        </test-method> <!-- setUp -->
        <test-method status="PASS" signature="signUp()[pri:1, instance:Testcases.Mainclass@64485a47]" name="signUp" duration-ms="3745" started-at="2021-02-12T23:29:21 EET" finished-at="2021-02-12T23:29:25 EET">
          <reporter-output>
          </reporter-output>
        </test-method> <!-- signUp -->
        <test-method status="PASS" signature="createAccount()[pri:2, instance:Testcases.Mainclass@64485a47]" name="createAccount" duration-ms="12804" started-at="2021-02-12T23:29:25 EET" finished-at="2021-02-12T23:29:38 EET">
          <reporter-output>
          </reporter-output>
        </test-method> <!-- createAccount -->
        <test-method status="PASS" signature="signIn()[pri:3, instance:Testcases.Mainclass@64485a47]" name="signIn" duration-ms="1962" started-at="2021-02-12T23:29:38 EET" finished-at="2021-02-12T23:29:40 EET">
          <reporter-output>
          </reporter-output>
        </test-method> <!-- signIn -->
        <test-method status="PASS" signature="addtoCart()[pri:4, instance:Testcases.Mainclass@64485a47]" name="addtoCart" duration-ms="5020" started-at="2021-02-12T23:29:40 EET" finished-at="2021-02-12T23:29:45 EET">
          <reporter-output>
          </reporter-output>
        </test-method> <!-- addtoCart -->
        <test-method status="PASS" signature="cartCheckout()[pri:5, instance:Testcases.Mainclass@64485a47]" name="cartCheckout" duration-ms="11456" started-at="2021-02-12T23:29:45 EET" finished-at="2021-02-12T23:29:56 EET">
          <reporter-output>
          </reporter-output>
        </test-method> <!-- cartCheckout -->
        <test-method status="PASS" signature="checkOrderDetails()[pri:6, instance:Testcases.Mainclass@64485a47]" name="checkOrderDetails" duration-ms="4348" started-at="2021-02-12T23:29:56 EET" finished-at="2021-02-12T23:30:01 EET">
          <reporter-output>
          </reporter-output>
        </test-method> <!-- checkOrderDetails -->
        <test-method status="PASS" signature="tearDown()[pri:0, instance:Testcases.Mainclass@64485a47]" name="tearDown" is-config="true" duration-ms="752" started-at="2021-02-12T23:30:01 EET" finished-at="2021-02-12T23:30:02 EET">
          <reporter-output>
          </reporter-output>
        </test-method> <!-- tearDown -->
      </class> <!-- Testcases.Mainclass -->
    </test> <!-- Default test -->
  </suite> <!-- Default suite -->
</testng-results>
